Determining if the pthread_create exist failed with the following output:
Change Dir: /project/simplewallet/cxxprocessor/build/CMakeFiles/CMakeTmp

Run Build Command:"/usr/bin/make" "cmTC_a583c/fast"
/usr/bin/make -f CMakeFiles/cmTC_a583c.dir/build.make CMakeFiles/cmTC_a583c.dir/build
make[1]: Entering directory '/project/simplewallet/cxxprocessor/build/CMakeFiles/CMakeTmp'
Building CXX object CMakeFiles/cmTC_a583c.dir/CheckSymbolExists.cxx.o
/usr/bin/c++      -o CMakeFiles/cmTC_a583c.dir/CheckSymbolExists.cxx.o -c /project/simplewallet/cxxprocessor/build/CMakeFiles/CMakeTmp/CheckSymbolExists.cxx
Linking CXX executable cmTC_a583c
/usr/bin/cmake -E cmake_link_script CMakeFiles/cmTC_a583c.dir/link.txt --verbose=1
/usr/bin/c++        CMakeFiles/cmTC_a583c.dir/CheckSymbolExists.cxx.o  -o cmTC_a583c 
CMakeFiles/cmTC_a583c.dir/CheckSymbolExists.cxx.o: In function `main':
CheckSymbolExists.cxx:(.text+0x16): undefined reference to `pthread_create'
collect2: error: ld returned 1 exit status
CMakeFiles/cmTC_a583c.dir/build.make:97: recipe for target 'cmTC_a583c' failed
make[1]: *** [cmTC_a583c] Error 1
make[1]: Leaving directory '/project/simplewallet/cxxprocessor/build/CMakeFiles/CMakeTmp'
Makefile:126: recipe for target 'cmTC_a583c/fast' failed
make: *** [cmTC_a583c/fast] Error 2

File /project/simplewallet/cxxprocessor/build/CMakeFiles/CMakeTmp/CheckSymbolExists.cxx:
/* */
#include <pthread.h>

int main(int argc, char** argv)
{
  (void)argv;
#ifndef pthread_create
  return ((int*)(&pthread_create))[argc];
#else
  (void)argc;
  return 0;
#endif
}

Determining if the function pthread_create exists in the pthreads failed with the following output:
Change Dir: /project/simplewallet/cxxprocessor/build/CMakeFiles/CMakeTmp

Run Build Command:"/usr/bin/make" "cmTC_b7386/fast"
/usr/bin/make -f CMakeFiles/cmTC_b7386.dir/build.make CMakeFiles/cmTC_b7386.dir/build
make[1]: Entering directory '/project/simplewallet/cxxprocessor/build/CMakeFiles/CMakeTmp'
Building CXX object CMakeFiles/cmTC_b7386.dir/CheckFunctionExists.cxx.o
/usr/bin/c++     -DCHECK_FUNCTION_EXISTS=pthread_create   -o CMakeFiles/cmTC_b7386.dir/CheckFunctionExists.cxx.o -c /project/simplewallet/cxxprocessor/build/CMakeFiles/CheckLibraryExists/CheckFunctionExists.cxx
Linking CXX executable cmTC_b7386
/usr/bin/cmake -E cmake_link_script CMakeFiles/cmTC_b7386.dir/link.txt --verbose=1
/usr/bin/c++    -DCHECK_FUNCTION_EXISTS=pthread_create    CMakeFiles/cmTC_b7386.dir/CheckFunctionExists.cxx.o  -o cmTC_b7386 -lpthreads 
/usr/bin/ld: cannot find -lpthreads
collect2: error: ld returned 1 exit status
CMakeFiles/cmTC_b7386.dir/build.make:97: recipe for target 'cmTC_b7386' failed
make[1]: *** [cmTC_b7386] Error 1
make[1]: Leaving directory '/project/simplewallet/cxxprocessor/build/CMakeFiles/CMakeTmp'
Makefile:126: recipe for target 'cmTC_b7386/fast' failed
make: *** [cmTC_b7386/fast] Error 2


